Turbo Assembler	 Version 3.1	    06/03/21 13:56:03	    Page 1
lr6c.asm



      1				     ; ?¯öòð- ?<?ò¡ÿ-ý 	?"5--61? <?6
      2
      3	0000			     MYCODE segment 'CODE'
      4					 assume	cs:MYCODE, ds:data
      5	0000				     start:
      6	0000  B8 0000s			     mov ax, data
      7	0003  8E C0			     mov es, ax
      8	0005				     main:
      9	0005  E8 00B1			     call clrscr;
     10	0008  BE 0080			     mov si, 80h
     11	000B  8A 0C			     mov cl, [si]
     12	000D  80 E9 01			     sub cl, 1
     13	0010  83 C6 02			     add si, 2
     14	0013					     cycle:
     15	0013  8A 04				     mov al, [si]
     16	0015  3C 20				     cmp al, ' '
     17	0017  74 03				     je	copy
     18	0019  46				     inc si
     19	001A  E2 F7			     loop cycle
     20	001C				     copy:
     21	001C  BE 0080			     mov si, 80h
     22	001F  8A 04			     mov al, [si]
     23	0021  2A C1			     sub al, cl
     24	0023  8A C8			     mov cl, al
     25	0025  80 E9 01			     sub cl, 1
     26	0028  51			     push cx
     27	0029  51			     push cx
     28	002A  BE 0080			     mov si, 80h
     29	002D  8A 0C			     mov cl, [si]
     30	002F  80 E9 01			     sub cl, 1
     31	0032  BE 0080			     mov si, 80h
     32	0035  83 C6 02			     add si, 2
     33	0038  BF 0000r			     lea di, buf
     34	003B  F3> A4			     rep movsb
     35	003D  06			     push ES
     36	003E  1F		      pop DS
     37	003F  BA 001Cr			     mov dx, offset firstStr
     38	0042  E8 005A			     call putst
     39	0045  BF 0000r			     lea di, buf
     40	0048  BE 0014r			     lea si, surnameStr
     41	004B  59			     pop cx
     42	004C  F3> A6			     repe cmpsb
     43	004E  75 02			     jne neq
     44	0050  74 0C			     je	eq
     45	0052				     neq:
     46	0052  BA 0035r			     mov dx, offset wrongFirstStr
     47	0055  E8 0047			     call putst
     48	0058  E8 004E			     call clrf
     49	005B  EB 10 90			     jmp second
     50	005E				     eq:
*Warning* lr6c.asm(50) Reserved	word used as symbol: EQ
     51	005E  BA 002Cr			     mov dx, offset successFirstStr
     52	0061  E8 003B			     call putst
     53	0064  BA 0014r			     mov dx, offset surnameStr
     54	0067  E8 0035			     call putst
     55	006A  E8 003C			     call clrf
     56	006D				     second:
Turbo Assembler	 Version 3.1	    06/03/21 13:56:03	    Page 2
lr6c.asm



     57	006D  BE 0000r			     mov si, offset buf
     58	0070  59			     pop cx
     59	0071  03 F1			     add si, cx
     60	0073  83 C6 01			     add si, 1
     61	0076  8A 04			     mov al, [si]
     62	0078  3C 31			     cmp al, '1'
     63	007A  74 0E			     je	err
     64	007C  75 00			     jne succ
     65	007E				     succ:
     66	007E  BA 003Br			     mov dx, offset successSecondStr
     67	0081  E8 001B			     call putst
     68	0084  E8 0022			     call clrf
     69	0087  EB 0A 90			     jmp exit
     70	008A				     err:
*Warning* lr6c.asm(70) Reserved	word used as symbol: ERR
     71	008A  BA 004Br			     mov dx, offset wrongSecondStr
     72	008D  E8 000F			     call putst
     73	0090  E8 0016			     call clrf
     74	0093			     exit:
     75	0093  E8 001E			     call getch
     76	0096  E8 0020			     call clrscr;
     77	0099  B0 00			     mov al, 0
     78	009B  B4 4C			     mov ah, 4ch
     79	009D  CD 21			     int 021h
     80	009F				     putst proc
     81	009F  B4 09				     mov ah, 09h
     82	00A1  CD 21				     int 021h
     83	00A3  C3				     ret
     84	00A4				     putst endp
     85	00A4				     putch proc
     86	00A4  B4 02				     mov ah, 02h
     87	00A6  CD 21				     int 021h
     88	00A8  C3				     ret
     89	00A9				     putch endp
     90	00A9				     clrf proc
     91	00A9  B2 0A				     mov dl, 10
     92	00AB  E8 FFF6				     call putch
     93	00AE  B2 0D				     mov dl, 13
     94	00B0  E8 FFF1				     call putch
     95	00B3  C3				     ret
     96	00B4				     clrf endp
     97	00B4				     getch proc
     98	00B4  B4 08				     mov ah, 08h
     99	00B6  CD 21				     int 021h
    100	00B8  C3			     ret
    101	00B9				     getch endp
    102	00B9				     clrscr proc
    103	00B9  B4 00				     mov ah, 00h
    104	00BB  B0 02				     mov al, 02
    105	00BD  CD 10				     int 10h
    106	00BF  C3				     ret
    107	00C0				     clrscr endp
    108
    109	00C0			     MYCODE ends
    110	0000			     data segment
    111	0000  14*(31)			     buf db 20 dup ('1')
    112	0014  52 79 61 62 6B 69	6E+	     surnameStr	db 'Ryabkin$'
Turbo Assembler	 Version 3.1	    06/03/21 13:56:03	    Page 3
lr6c.asm



    113	      24
    114	001C  46 69 72 73 74 20	61+	     firstStr db 'First	argument $'
    115	      72 67 75 6D 65 6E	74+
    116	      20 24
    117	002C  72 69 67 68 74 20	3D+	     successFirstStr db	'right = $'
    118	      20 24
    119	0035  77 72 6F 6E 67 24		     wrongFirstStr db 'wrong$'
    120	003B  46 69 72 73 74 20	61+	     successSecondStr db 'First	argument!$'
    121	      72 67 75 6D 65 6E	74+
    122	      21 24
    123	004B  53 65 63 6F 6E 64	20+	     wrongSecondStr db 'Second argument	is missing!$'
    124	      61 72 67 75 6D 65	6E+
    125	      74 20 69 73 20 6D	69+
    126	      73 73 69 6E 67 21	24
    127	0067			     data ends
    128				     end start
Turbo Assembler	 Version 3.1	    06/03/21 13:56:03	    Page 4
Symbol Table




Symbol Name		Type   Value			   Cref	(defined at #)

??DATE			Text   "06/03/21"
??FILENAME		Text   "lr6c	"
??TIME			Text   "13:56:03"
??VERSION		Number 030A
@CPU			Text   0101H
@CURSEG			Text   DATA			   #3  #110
@FILENAME		Text   LR6C
@WORDSIZE		Text   2			   #3  #110
BUF			Byte   DATA:0000		   33  39  57  #111
CLRF			Near   MYCODE:00A9		   48  55  68  73  #90
CLRSCR			Near   MYCODE:00B9		   9  76  #102
COPY			Near   MYCODE:001C		   17  #20
CYCLE			Near   MYCODE:0013		   #14	19
EQ			Near   MYCODE:005E		   44  #50
ERR			Near   MYCODE:008A		   63  #70
EXIT			Near   MYCODE:0093		   69  #74
FIRSTSTR		Byte   DATA:001C		   37  #114
GETCH			Near   MYCODE:00B4		   75  #97
MAIN			Near   MYCODE:0005		   #8
NEQ			Near   MYCODE:0052		   43  #45
PUTCH			Near   MYCODE:00A4		   #85	92  94
PUTST			Near   MYCODE:009F		   38  47  52  54  67  72  #80
SECOND			Near   MYCODE:006D		   49  #56
START			Near   MYCODE:0000		   #5  128
SUCC			Near   MYCODE:007E		   64  #65
SUCCESSFIRSTSTR		Byte   DATA:002C		   51  #117
SUCCESSSECONDSTR	Byte   DATA:003B		   66  #120
SURNAMESTR		Byte   DATA:0014		   40  53  #112
WRONGFIRSTSTR		Byte   DATA:0035		   46  #119
WRONGSECONDSTR		Byte   DATA:004B		   71  #123

Groups & Segments	Bit Size Align	Combine	Class	   Cref	(defined at #)

DATA			16  0067 Para	none		   4  6	 #110
MYCODE			16  00C0 Para	none	CODE	   #3  4
Turbo Assembler	 Version 3.1	    06/03/21 13:56:03	    Page 5
Error Summary



*Warning* lr6c.asm(50) Reserved	word used as symbol: EQ
*Warning* lr6c.asm(70) Reserved	word used as symbol: ERR
