Turbo Assembler	 Version 3.1	    06/03/21 14:33:39	    Page 1
lr7c.asm



      1				     ;?¯צענ- ?<?ע-‎  ?"5--61?	<?7
      2
      3	0000			     MYCODE segment 'CODE'
      4				     assume cs:MYCODE, ds:data
      5	0000			     start:
      6	0000  B8 0000s			     mov ax, data
      7	0003  8E D8			     mov ds, ax
      8	0005			     main:
      9	0005  E8 0092			     call clrscr;
     10	0008  B2 00r			     mov dl, offset startStr
     11	000A  E8 006E			     call putst
     12	000D  E8 0075			     call clrf
     13	0010  B9 0000			     mov cx, 0
     14	0013  BB 0000			     mov bx, 0
     15	0016				     char_hand:
     16	0016  E8 007C			     call getch_no_echo
     17	0019  3C 2A			     cmp al, '*'
     18	001B  74 47			     je	exit
     19	001D  E8 009D			     call hex_to_mach
     20	0020  83 F9 04			     cmp cx, 4
     21	0023  75 F1			     jne char_hand
     22	0025  53			     push bx
     23	0026  B2 20			     mov dl, ' '
     24	0028  E8 0055			     call putch
     25	002B  B2 3D			     mov dl, '='
     26	002D  E8 0050			     call putch
     27	0030  B2 20			     mov dl, ' '
     28	0032  E8 004B			     call putch
     29	0035  8B D3			     mov dx, bx
     30	0037  52			     push dx
     31	0038  8A C6			     mov al, dh
     32	003A  E8 0064			     call hex
     33	003D  5A			     pop dx
     34	003E  8A C2			     mov al, dl
     35	0040  E8 005E			     call hex
     36	0043  BA 0068			     mov dx, 'h'
     37	0046  E8 0037			     call putch
     38	0049  B2 20			     mov dl, ' '
     39	004B  E8 0032			     call putch
     40	004E  B2 2D			     mov dl, '-'
     41	0050  E8 002D			     call putch
     42	0053  B2 20			     mov dl, ' '
     43	0055  E8 0028			     call putch
     44	0058  5B			     pop bx
     45	0059  E8 00A3			     call mach_to_dec
     46	005C  E8 0026			     call clrf
     47	005F  E8 0033			     call getch_no_echo
     48	0062  EB A1		     jmp main
     49	0064			     exit:
     50	0064  E8 0033			     call clrscr;
     51	0067  B2 27r			     mov dl, offset infStr
     52	0069  E8 000F			     call putst
     53	006C  E8 0016			     call clrf
     54	006F  E8 0023			     call getch_no_echo
     55	0072  E8 0025			     call clrscr;
     56	0075  B0 00			     mov al, 0
     57	0077  B4 4C			     mov ah, 4ch
Turbo Assembler	 Version 3.1	    06/03/21 14:33:39	    Page 2
lr7c.asm



     58	0079  CD 21			     int 021h
     59	007B			     putst proc
     60	007B  B4 09			     mov ah, 09h
     61	007D  CD 21			     int 021h
     62	007F  C3			     ret
     63	0080			     putst endp
     64
     65	0080			     putch proc
     66	0080  B4 02			     mov ah, 02h
     67	0082  CD 21			     int 021h
     68	0084  C3			     ret
     69	0085			     putch endp
     70	0085			     clrf proc
     71	0085  B2 0A			     mov dl, 10
     72	0087  E8 FFF6			     call putch
     73	008A  B2 0D			     mov dl, 13
     74	008C  E8 FFF1			     call putch
     75	008F  C3			     ret
     76	0090			     clrf endp
     77	0090			     getch_echo	proc
     78	0090  B4 01			     mov ah, 01h
     79	0092  CD 21			     int 021h
     80	0094  C3		     ret
     81	0095			     getch_echo	endp
     82	0095			     getch_no_echo proc
     83	0095  B4 08			     mov ah, 08h
     84	0097  CD 21			     int 021h
     85	0099  C3			 ret
     86	009A			     getch_no_echo endp
     87	009A			     clrscr proc
     88	009A  B4 00			     mov ah, 00h
     89	009C  B0 02			     mov al, 02
     90	009E  CD 10			     int 10h
     91	00A0  C3			     ret
     92	00A1			     clrscr endp
     93	00A1			     hex proc
     94	00A1  BB 0017r			     mov bx, offset hexStr
     95	00A4  50			     push ax
     96	00A5  D0 E8 D0 E8 D0 E8	D0+	     shr al, 4
     97	      E8
     98	00AD  D7			     xlat
     99	00AE  8A D0			     mov dl, al
    100	00B0  E8 FFCD			     call putch
    101	00B3  58			     pop ax
    102	00B4  24 0F			     and al, 00001111b
    103	00B6  D7			     xlat
    104	00B7  8A D0			     mov dl, al
    105	00B9  E8 FFC4			     call putch
    106	00BC  C3			     ret
    107	00BD			     hex endp
    108	00BD			     hex_to_mach proc
    109	00BD  8A D0			     mov dl, al
    110	00BF				     check_num:
    111	00BF  3C 30				     cmp al,'0'
    112	00C1  72 0A				     jb	check_big_let
    113	00C3  3C 39				     cmp al,'9'
    114	00C5  77 06				     ja	check_big_let
Turbo Assembler	 Version 3.1	    06/03/21 14:33:39	    Page 3
lr7c.asm



    115	00C7  2C 30				     sub al,'0'
    116	00C9  50				     push ax
    117	00CA  EB 21 90			     jmp correct
    118	00CD				     check_big_let:
    119	00CD  3C 41				     cmp al,'A'
    120	00CF  72 0C				     jb	check_lit_let
    121	00D1  3C 46				     cmp al,'F'
    122	00D3  77 08				     ja	check_lit_let
    123	00D5  2C 41				     sub al,'A'
    124	00D7  04 0A				     add al, 10
    125	00D9  50				     push ax
    126	00DA  EB 11 90			     jmp correct
    127	00DD				     check_lit_let:
    128	00DD  3C 61				     cmp al,'a'
    129	00DF  72 1D				     jb	finish
    130	00E1  3C 66				     cmp al,'f'
    131	00E3  77 19				     ja	finish
    132	00E5  2C 61				     sub al,'a'
    133	00E7  04 0A				     add al, 10
    134	00E9  50				     push ax
    135	00EA  EB 01 90			     jmp correct
    136	00ED				     correct:
    137	00ED  E8 FF90				     call putch
    138	00F0  58				     pop ax
    139	00F1  B4 00				     mov ah, 0
    140	00F3  D1 E3 D1 E3 D1 E3	D1+		     shl bx, 4
    141	      E3
    142	00FB  03 D8				     add bx, ax
    143	00FD  41			     inc cx
    144	00FE				     finish:
    145	00FE  C3			     ret
    146	00FF			     hex_to_mach endp
    147	00FF			     mach_to_dec proc
    148	00FF  8B C3			     mov ax, bx
    149	0101  BE 0000			     mov si, 0
    150	0104				     cycle:
    151	0104  BA 0000				     mov dx, 0
    152	0107  8B 9C 0027r			     mov bx, mas[si]
    153	010B  F7 F3				     div bx
    154	010D  52				     push dx
    155	010E  05 0030				     add ax,'0'
    156	0111  8A D0				     mov dl,al
    157	0113  E8 FF6A				     call putch
    158	0116  58				     pop ax
    159	0117  46				     inc si
    160	0118  46				     inc si
    161	0119  83 FE 0A				     cmp si, 10
    162	011C  72 E6			     jb	cycle
    163	011E  C3		     ret
    164	011F			     mach_to_dec     endp
    165
    166	011F			     MYCODE ends
    167	0000			     data segment
    168	0000  ?? 45 6E 74 65 72	20+	     startStr db, 'Enter number	(HHHH) :$'
    169	      6E 75 6D 62 65 72	20+
    170	      28 48 48 48 48 29	20+
    171	      3A 24
Turbo Assembler	 Version 3.1	    06/03/21 14:33:39	    Page 4
lr7c.asm



    172	0017  30 31 32 33 34 35	36+	     hexStr db '0123456789abcdef'
    173	      37 38 39 61 62 63	64+
    174	      65 66
    175	0027				     infStr db ''
    176	0027  2710 03E8	0064 000A +	     mas dw 10000, 1000, 100, 10, 1
    177	      0001
    178	0031			     data ends
    179				     end start
Turbo Assembler	 Version 3.1	    06/03/21 14:33:39	    Page 5
Symbol Table




Symbol Name		Type   Value			   Cref	(defined at #)

??DATE			Text   "06/03/21"
??FILENAME		Text   "lr7c	"
??TIME			Text   "14:33:39"
??VERSION		Number 030A
@CPU			Text   0101H
@CURSEG			Text   DATA			   #3  #167
@FILENAME		Text   LR7C
@WORDSIZE		Text   2			   #3  #167
CHAR_HAND		Near   MYCODE:0016		   #15	21
CHECK_BIG_LET		Near   MYCODE:00CD		   112	114  #118
CHECK_LIT_LET		Near   MYCODE:00DD		   120	122  #127
CHECK_NUM		Near   MYCODE:00BF		   #110
CLRF			Near   MYCODE:0085		   12  46  53  #70
CLRSCR			Near   MYCODE:009A		   9  50  55  #87
CORRECT			Near   MYCODE:00ED		   117	126  135  #136
CYCLE			Near   MYCODE:0104		   #150	 162
EXIT			Near   MYCODE:0064		   18  #49
FINISH			Near   MYCODE:00FE		   129	131  #144
GETCH_ECHO		Near   MYCODE:0090		   #77
GETCH_NO_ECHO		Near   MYCODE:0095		   16  47  54  #82
HEX			Near   MYCODE:00A1		   32  35  #93
HEXSTR			Byte   DATA:0017		   94  #172
HEX_TO_MACH		Near   MYCODE:00BD		   19  #108
INFSTR			Byte   DATA:0027		   51  #175
MACH_TO_DEC		Near   MYCODE:00FF		   45  #147
MAIN			Near   MYCODE:0005		   #8  48
MAS			Word   DATA:0027		   152	#176
PUTCH			Near   MYCODE:0080		   24  26  28  37  39  41  43  #65  72	74  100	 105  137  157
PUTST			Near   MYCODE:007B		   11  52  #59
START			Near   MYCODE:0000		   #5  179
STARTSTR		Byte   DATA:0000		   10  #168

Groups & Segments	Bit Size Align	Combine	Class	   Cref	(defined at #)

DATA			16  0031 Para	none		   4  6	 #167
MYCODE			16  011F Para	none	CODE	   #3  4
